# JRE version: OpenJDK Runtime Environment (7.0_121) (build 1.7.0_121-b00)
# Java VM: OpenJDK 64-Bit Server VM (24.121-b00 mixed mode linux-amd64 compressed oops)
Heap
 PSYoungGen      total 674304K, used 404278K [0x00000007d6d00000, 0x0000000800000000, 0x0000000800000000)
  eden space 673792K, 60% used [0x00000007d6d00000,0x00000007ef7cd8d8,0x00000007fff00000)
  from space 512K, 0% used [0x00000007fff00000,0x00000007fff00000,0x00000007fff80000)
  to   space 512K, 0% used [0x00000007fff80000,0x00000007fff80000,0x0000000800000000)
 ParOldGen       total 83968K, used 5027K [0x0000000784800000, 0x0000000789a00000, 0x00000007d6d00000)
  object space 83968K, 5% used [0x0000000784800000,0x0000000784ce8c40,0x0000000789a00000)
 PSPermGen       total 21504K, used 7048K [0x000000077a200000, 0x000000077b700000, 0x0000000784800000)
  object space 21504K, 32% used [0x000000077a200000,0x000000077a8e22c0,0x000000077b700000)
GC Heap History (10 events):
Event: 697,246 GC heap before
{Heap before GC invocations=143 (full 0):
 PSYoungGen      total 674304K, used 673792K [0x00000007d6d00000, 0x0000000800000000, 0x0000000800000000)
  eden space 673792K, 100% used [0x00000007d6d00000,0x00000007fff00000,0x00000007fff00000)
  from space 512K, 0% used [0x00000007fff80000,0x00000007fff80000,0x0000000800000000)
  to   space 512K, 0% used [0x00000007fff00000,0x00000007fff00000,0x00000007fff80000)
 ParOldGen       total 83968K, used 5027K [0x0000000784800000, 0x0000000789a00000, 0x00000007d6d00000)
  object space 83968K, 5% used [0x0000000784800000,0x0000000784ce8c40,0x0000000789a00000)
 PSPermGen       total 21504K, used 7048K [0x000000077a200000, 0x000000077b700000, 0x0000000784800000)
  object space 21504K, 32% used [0x000000077a200000,0x000000077a8e2218,0x000000077b700000)
Event: 697,247 GC heap after
Heap after GC invocations=143 (full 0):
 PSYoungGen      total 674304K, used 0K [0x00000007d6d00000, 0x0000000800000000, 0x0000000800000000)
  eden space 673792K, 0% used [0x00000007d6d00000,0x00000007d6d00000,0x00000007fff00000)
  from space 512K, 0% used [0x00000007fff00000,0x00000007fff00000,0x00000007fff80000)
  to   space 512K, 0% used [0x00000007fff80000,0x00000007fff80000,0x0000000800000000)
 ParOldGen       total 83968K, used 5027K [0x0000000784800000, 0x0000000789a00000, 0x00000007d6d00000)
  object space 83968K, 5% used [0x0000000784800000,0x0000000784ce8c40,0x0000000789a00000)
 PSPermGen       total 21504K, used 7048K [0x000000077a200000, 0x000000077b700000, 0x0000000784800000)
  object space 21504K, 32% used [0x000000077a200000,0x000000077a8e2218,0x000000077b700000)
}
Event: 697,249 GC heap before
{Heap before GC invocations=144 (full 0):
 PSYoungGen      total 674304K, used 673792K [0x00000007d6d00000, 0x0000000800000000, 0x0000000800000000)
  eden space 673792K, 100% used [0x00000007d6d00000,0x00000007fff00000,0x00000007fff00000)
  from space 512K, 0% used [0x00000007fff00000,0x00000007fff00000,0x00000007fff80000)
  to   space 512K, 0% used [0x00000007fff80000,0x00000007fff80000,0x0000000800000000)
 ParOldGen       total 83968K, used 5027K [0x0000000784800000, 0x0000000789a00000, 0x00000007d6d00000)
  object space 83968K, 5% used [0x0000000784800000,0x0000000784ce8c40,0x0000000789a00000)
 PSPermGen       total 21504K, used 7048K [0x000000077a200000, 0x000000077b700000, 0x0000000784800000)
  object space 21504K, 32% used [0x000000077a200000,0x000000077a8e2218,0x000000077b700000)
Event: 697,250 GC heap after
Heap after GC invocations=144 (full 0):
 PSYoungGen      total 674304K, used 0K [0x00000007d6d00000, 0x0000000800000000, 0x0000000800000000)
  eden space 673792K, 0% used [0x00000007d6d00000,0x00000007d6d00000,0x00000007fff00000)
  from space 512K, 0% used [0x00000007fff80000,0x00000007fff80000,0x0000000800000000)
  to   space 512K, 0% used [0x00000007fff00000,0x00000007fff00000,0x00000007fff80000)
 ParOldGen       total 83968K, used 5027K [0x0000000784800000, 0x0000000789a00000, 0x00000007d6d00000)
  object space 83968K, 5% used [0x0000000784800000,0x0000000784ce8c40,0x0000000789a00000)
 PSPermGen       total 21504K, used 7048K [0x000000077a200000, 0x000000077b700000, 0x0000000784800000)
  object space 21504K, 32% used [0x000000077a200000,0x000000077a8e2218,0x000000077b700000)
}
Event: 697,252 GC heap before
{Heap before GC invocations=145 (full 0):
 PSYoungGen      total 674304K, used 673792K [0x00000007d6d00000, 0x0000000800000000, 0x0000000800000000)
  eden space 673792K, 100% used [0x00000007d6d00000,0x00000007fff00000,0x00000007fff00000)
  from space 512K, 0% used [0x00000007fff80000,0x00000007fff80000,0x0000000800000000)
  to   space 512K, 0% used [0x00000007fff00000,0x00000007fff00000,0x00000007fff80000)
 ParOldGen       total 83968K, used 5027K [0x0000000784800000, 0x0000000789a00000, 0x00000007d6d00000)
  object space 83968K, 5% used [0x0000000784800000,0x0000000784ce8c40,0x0000000789a00000)
 PSPermGen       total 21504K, used 7048K [0x000000077a200000, 0x000000077b700000, 0x0000000784800000)
  object space 21504K, 32% used [0x000000077a200000,0x000000077a8e2218,0x000000077b700000)
Event: 697,253 GC heap after
Heap after GC invocations=145 (full 0):
 PSYoungGen      total 674304K, used 0K [0x00000007d6d00000, 0x0000000800000000, 0x0000000800000000)
  eden space 673792K, 0% used [0x00000007d6d00000,0x00000007d6d00000,0x00000007fff00000)
  from space 512K, 0% used [0x00000007fff00000,0x00000007fff00000,0x00000007fff80000)
  to   space 512K, 0% used [0x00000007fff80000,0x00000007fff80000,0x0000000800000000)
 ParOldGen       total 83968K, used 5027K [0x0000000784800000, 0x0000000789a00000, 0x00000007d6d00000)
  object space 83968K, 5% used [0x0000000784800000,0x0000000784ce8c40,0x0000000789a00000)
 PSPermGen       total 21504K, used 7048K [0x000000077a200000, 0x000000077b700000, 0x0000000784800000)
  object space 21504K, 32% used [0x000000077a200000,0x000000077a8e2218,0x000000077b700000)
}
Event: 697,255 GC heap before
{Heap before GC invocations=146 (full 0):
 PSYoungGen      total 674304K, used 673792K [0x00000007d6d00000, 0x0000000800000000, 0x0000000800000000)
  eden space 673792K, 100% used [0x00000007d6d00000,0x00000007fff00000,0x00000007fff00000)
  from space 512K, 0% used [0x00000007fff00000,0x00000007fff00000,0x00000007fff80000)
  to   space 512K, 0% used [0x00000007fff80000,0x00000007fff80000,0x0000000800000000)
 ParOldGen       total 83968K, used 5027K [0x0000000784800000, 0x0000000789a00000, 0x00000007d6d00000)
  object space 83968K, 5% used [0x0000000784800000,0x0000000784ce8c40,0x0000000789a00000)
 PSPermGen       total 21504K, used 7048K [0x000000077a200000, 0x000000077b700000, 0x0000000784800000)
  object space 21504K, 32% used [0x000000077a200000,0x000000077a8e2218,0x000000077b700000)
Event: 697,255 GC heap after
Heap after GC invocations=146 (full 0):
 PSYoungGen      total 674304K, used 0K [0x00000007d6d00000, 0x0000000800000000, 0x0000000800000000)
  eden space 673792K, 0% used [0x00000007d6d00000,0x00000007d6d00000,0x00000007fff00000)
  from space 512K, 0% used [0x00000007fff80000,0x00000007fff80000,0x0000000800000000)
  to   space 512K, 0% used [0x00000007fff00000,0x00000007fff00000,0x00000007fff80000)
 ParOldGen       total 83968K, used 5027K [0x0000000784800000, 0x0000000789a00000, 0x00000007d6d00000)
  object space 83968K, 5% used [0x0000000784800000,0x0000000784ce8c40,0x0000000789a00000)
 PSPermGen       total 21504K, used 7048K [0x000000077a200000, 0x000000077b700000, 0x0000000784800000)
  object space 21504K, 32% used [0x000000077a200000,0x000000077a8e2218,0x000000077b700000)
}
Event: 697,257 GC heap before
{Heap before GC invocations=147 (full 0):
 PSYoungGen      total 674304K, used 673792K [0x00000007d6d00000, 0x0000000800000000, 0x0000000800000000)
  eden space 673792K, 100% used [0x00000007d6d00000,0x00000007fff00000,0x00000007fff00000)
  from space 512K, 0% used [0x00000007fff80000,0x00000007fff80000,0x0000000800000000)
  to   space 512K, 0% used [0x00000007fff00000,0x00000007fff00000,0x00000007fff80000)
 ParOldGen       total 83968K, used 5027K [0x0000000784800000, 0x0000000789a00000, 0x00000007d6d00000)
  object space 83968K, 5% used [0x0000000784800000,0x0000000784ce8c40,0x0000000789a00000)
 PSPermGen       total 21504K, used 7048K [0x000000077a200000, 0x000000077b700000, 0x0000000784800000)
  object space 21504K, 32% used [0x000000077a200000,0x000000077a8e2218,0x000000077b700000)
Event: 697,258 GC heap after
Heap after GC invocations=147 (full 0):
 PSYoungGen      total 674304K, used 0K [0x00000007d6d00000, 0x0000000800000000, 0x0000000800000000)
  eden space 673792K, 0% used [0x00000007d6d00000,0x00000007d6d00000,0x00000007fff00000)
  from space 512K, 0% used [0x00000007fff00000,0x00000007fff00000,0x00000007fff80000)
  to   space 512K, 0% used [0x00000007fff80000,0x00000007fff80000,0x0000000800000000)
 ParOldGen       total 83968K, used 5027K [0x0000000784800000, 0x0000000789a00000, 0x00000007d6d00000)
  object space 83968K, 5% used [0x0000000784800000,0x0000000784ce8c40,0x0000000789a00000)
 PSPermGen       total 21504K, used 7048K [0x000000077a200000, 0x000000077b700000, 0x0000000784800000)
  object space 21504K, 32% used [0x000000077a200000,0x000000077a8e2218,0x000000077b700000)
}

